<?xml version="1.0" encoding="UTF-8"?>
<!-- Generated by org.testng.reporters.JUnitReportReporter -->
<testsuite skipped="0" hostname="LAPTOP-U1OS68BR" name="homepagetest.BestTest" tests="1" failures="0" timestamp="26 Oct 2019 00:42:12 GMT" time="10.772" errors="0">
  <testcase name="testbestSellers" time="10.772" classname="homepagetest.BestTest"/>
</testsuite> <!-- homepagetest.BestTest -->
